This file contains any messages produced by compilers while
running configure, to aid debugging if configure makes a mistake.

It was created by dirb configure 2.22, which was
generated by GNU Autoconf 2.69.  Invocation command line was

  $ ./configure 

## --------- ##
## Platform. ##
## --------- ##

hostname = CUs-MacBook-Pro.gateway
uname -m = x86_64
uname -r = 17.7.0
uname -s = Darwin
uname -v = Darwin Kernel Version 17.7.0: Wed Feb 27 00:43:23 PST 2019; root:xnu-4570.71.35~1/RELEASE_X86_64

/usr/bin/uname -p = i386
/bin/uname -X     = unknown

/bin/arch              = unknown
/usr/bin/arch -k       = unknown
/usr/convex/getsysinfo = unknown
/usr/bin/hostinfo      = Mach kernel version:
	 Darwin Kernel Version 17.7.0: Wed Feb 27 00:43:23 PST 2019; root:xnu-4570.71.35~1/RELEASE_X86_64
Kernel configured for up to 8 processors.
4 processors are physically available.
8 processors are logically available.
Processor type: x86_64h (Intel x86-64h Haswell)
Processors active: 0 1 2 3 4 5 6 7
Primary memory available: 16.00 gigabytes
Default processor set: 473 tasks, 3342 threads, 8 processors
Load average: 1.82, Mach factor: 6.16
/bin/machine           = unknown
/usr/bin/oslevel       = unknown
/bin/universe          = unknown

PATH: /Users/caggles/Desktop/Moz/Dev/python-environments/vautomator/bin
PATH: /Users/caggles/.cargo/bin
PATH: /Users/caggles/.nvm/versions/node/v8.6.0/bin
PATH: /usr/local/bin
PATH: /usr/local/sbin
PATH: /usr/local/bin
PATH: /usr/bin
PATH: /bin
PATH: /usr/sbin
PATH: /sbin
PATH: /Library/TeX/texbin
PATH: /usr/local/go/bin
PATH: /usr/local/MacGPG2/bin
PATH: /Applications/Wireshark.app/Contents/MacOS
PATH: /Applications/Postgres.app/Contents/Versions/latest/bin
PATH: /Applications/010 Editor.app/Contents/CmdLine


## ----------- ##
## Core tests. ##
## ----------- ##

configure:1866: checking for a BSD-compatible install
configure:1934: result: /usr/bin/install -c
configure:1945: checking whether build environment is sane
configure:1982: result: yes
configure:2044: checking for gawk
configure:2074: result: no
configure:2044: checking for mawk
configure:2074: result: no
configure:2044: checking for nawk
configure:2074: result: no
configure:2044: checking for awk
configure:2060: found /usr/bin/awk
configure:2071: result: awk
configure:2082: checking whether make sets $(MAKE)
configure:2104: result: yes
configure:2298: checking for libcurl >= 7.10.1
configure:2309: result: 7.54.0
configure:2345: checking for style of include used by make
configure:2373: result: GNU
configure:2446: checking for gcc
configure:2462: found /usr/bin/gcc
configure:2473: result: gcc
configure:2702: checking for C compiler version
configure:2711: gcc --version >&5
Apple LLVM version 10.0.0 (clang-1000.10.44.4)
Target: x86_64-apple-darwin17.7.0
Thread model: posix
InstalledDir: /Library/Developer/CommandLineTools/usr/bin
Configured with: --prefix=/Library/Developer/CommandLineTools/usr --with-gxx-include-dir=/usr/include/c++/4.2.1
configure:2722: $? = 0
configure:2711: gcc -v >&5
Configured with: --prefix=/Library/Developer/CommandLineTools/usr --with-gxx-include-dir=/usr/include/c++/4.2.1
Apple LLVM version 10.0.0 (clang-1000.10.44.4)
Target: x86_64-apple-darwin17.7.0
Thread model: posix
InstalledDir: /Library/Developer/CommandLineTools/usr/bin
configure:2722: $? = 0
configure:2711: gcc -V >&5
clang: error: argument to '-V' is missing (expected 1 value)
clang: error: no input files
configure:2722: $? = 1
configure:2711: gcc -qversion >&5
clang: error: unknown argument: '-qversion'
clang: error: no input files
configure:2722: $? = 1
configure:2742: checking whether the C compiler works
configure:2764: gcc    conftest.c  >&5
configure:2768: $? = 0
configure:2816: result: yes
configure:2819: checking for C compiler default output file name
configure:2821: result: a.out
configure:2827: checking for suffix of executables
configure:2834: gcc -o conftest    conftest.c  >&5
configure:2838: $? = 0
configure:2860: result: 
configure:2882: checking whether we are cross compiling
configure:2890: gcc -o conftest    conftest.c  >&5
configure:2894: $? = 0
configure:2901: ./conftest
configure:2905: $? = 0
configure:2920: result: no
configure:2925: checking for suffix of object files
configure:2947: gcc -c   conftest.c >&5
configure:2951: $? = 0
configure:2972: result: o
configure:2976: checking whether we are using the GNU C compiler
configure:2995: gcc -c   conftest.c >&5
configure:2995: $? = 0
configure:3004: result: yes
configure:3013: checking whether gcc accepts -g
configure:3033: gcc -c -g  conftest.c >&5
configure:3033: $? = 0
configure:3074: result: yes
configure:3091: checking for gcc option to accept ISO C89
configure:3154: gcc  -c -g -O2  conftest.c >&5
configure:3154: $? = 0
configure:3167: result: none needed
configure:3189: checking dependency style of gcc
configure:3279: result: gcc3
configure:3297: checking for curl_easy_init in -lcurl
configure:3322: gcc -o conftest -g -O2   conftest.c -lcurl   >&5
configure:3322: $? = 0
configure:3331: result: yes
configure:3469: creating ./config.status

## ---------------------- ##
## Running config.status. ##
## ---------------------- ##

This file was extended by dirb config.status 2.22, which was
generated by GNU Autoconf 2.69.  Invocation command line was

  CONFIG_FILES    = 
  CONFIG_HEADERS  = 
  CONFIG_LINKS    = 
  CONFIG_COMMANDS = 
  $ ./config.status 

on CUs-MacBook-Pro.gateway

config.status:835: creating Makefile
config.status:835: creating src/Makefile
config.status:835: creating gendict_src/Makefile
config.status:835: creating web2dic/Makefile
config.status:835: creating config.h
config.status:1010: config.h is unchanged
config.status:1057: executing depfiles commands

## ---------------- ##
## Cache variables. ##
## ---------------- ##

ac_cv_c_compiler_gnu=yes
ac_cv_env_CC_set=
ac_cv_env_CC_value=
ac_cv_env_CFLAGS_set=
ac_cv_env_CFLAGS_value=
ac_cv_env_CPPFLAGS_set=
ac_cv_env_CPPFLAGS_value=
ac_cv_env_LDFLAGS_set=
ac_cv_env_LDFLAGS_value=
ac_cv_env_LIBS_set=
ac_cv_env_LIBS_value=
ac_cv_env_build_alias_set=
ac_cv_env_build_alias_value=
ac_cv_env_host_alias_set=
ac_cv_env_host_alias_value=
ac_cv_env_target_alias_set=
ac_cv_env_target_alias_value=
ac_cv_lib_curl_curl_easy_init=yes
ac_cv_objext=o
ac_cv_path_install='/usr/bin/install -c'
ac_cv_prog_AWK=awk
ac_cv_prog_ac_ct_CC=gcc
ac_cv_prog_cc_c89=
ac_cv_prog_cc_g=yes
ac_cv_prog_make_make_set=yes
am_cv_CC_dependencies_compiler_type=gcc3
my_cv_curl_vers=7.54.0

## ----------------- ##
## Output variables. ##
## ----------------- ##

ACLOCAL='${SHELL} /Users/caggles/Desktop/Moz/Dev/vautomator-sprint/vautomator-serverless/vendor/dirb/missing --run aclocal-1.9'
AMDEPBACKSLASH='\'
AMDEP_FALSE='#'
AMDEP_TRUE=''
AMTAR='${SHELL} /Users/caggles/Desktop/Moz/Dev/vautomator-sprint/vautomator-serverless/vendor/dirb/missing --run tar'
AUTOCONF='${SHELL} /Users/caggles/Desktop/Moz/Dev/vautomator-sprint/vautomator-serverless/vendor/dirb/missing --run autoconf'
AUTOHEADER='${SHELL} /Users/caggles/Desktop/Moz/Dev/vautomator-sprint/vautomator-serverless/vendor/dirb/missing --run autoheader'
AUTOMAKE='${SHELL} /Users/caggles/Desktop/Moz/Dev/vautomator-sprint/vautomator-serverless/vendor/dirb/missing --run automake-1.9'
AWK='awk'
CC='gcc'
CCDEPMODE='depmode=gcc3'
CFLAGS='-g -O2'
CPPFLAGS=''
CYGPATH_W='echo'
DEFS='-DHAVE_CONFIG_H'
DEPDIR='.deps'
ECHO_C='\c'
ECHO_N=''
ECHO_T=''
EXEEXT=''
INSTALL_DATA='${INSTALL} -m 644'
INSTALL_PROGRAM='${INSTALL}'
INSTALL_SCRIPT='${INSTALL}'
INSTALL_STRIP_PROGRAM='${SHELL} $(install_sh) -c -s'
LDFLAGS=''
LIBOBJS=''
LIBS='-lcurl '
LTLIBOBJS=''
MAKEINFO='${SHELL} /Users/caggles/Desktop/Moz/Dev/vautomator-sprint/vautomator-serverless/vendor/dirb/missing --run makeinfo'
NETWORK_CFLAGS=''
NETWORK_LIBS='-lcurl'
OBJEXT='o'
PACKAGE='dirb'
PACKAGE_BUGREPORT='darkraver@open-labs.org'
PACKAGE_NAME='dirb'
PACKAGE_STRING='dirb 2.22'
PACKAGE_TARNAME='dirb'
PACKAGE_URL=''
PACKAGE_VERSION='2.22'
PATH_SEPARATOR=':'
SET_MAKE=''
SHELL='/bin/sh'
STRIP=''
VERSION='2.22'
ac_ct_CC='gcc'
am__fastdepCC_FALSE='#'
am__fastdepCC_TRUE=''
am__include='include'
am__leading_dot='.'
am__quote=''
am__tar='${AMTAR} chof - "$$tardir"'
am__untar='${AMTAR} xf -'
bindir='${exec_prefix}/bin'
build_alias=''
datadir='${datarootdir}'
datarootdir='${prefix}/share'
docdir='${datarootdir}/doc/${PACKAGE_TARNAME}'
dvidir='${docdir}'
exec_prefix='${prefix}'
host_alias=''
htmldir='${docdir}'
includedir='${prefix}/include'
infodir='${datarootdir}/info'
install_sh='/Users/caggles/Desktop/Moz/Dev/vautomator-sprint/vautomator-serverless/vendor/dirb/install-sh'
libdir='${exec_prefix}/lib'
libexecdir='${exec_prefix}/libexec'
localedir='${datarootdir}/locale'
localstatedir='${prefix}/var'
mandir='${datarootdir}/man'
mkdir_p='$(mkinstalldirs)'
oldincludedir='/usr/include'
pdfdir='${docdir}'
prefix='/usr/local'
program_transform_name='s,x,x,'
psdir='${docdir}'
sbindir='${exec_prefix}/sbin'
sharedstatedir='${prefix}/com'
sysconfdir='${prefix}/etc'
target_alias=''

## ----------- ##
## confdefs.h. ##
## ----------- ##

/* confdefs.h */
#define PACKAGE_NAME "dirb"
#define PACKAGE_TARNAME "dirb"
#define PACKAGE_VERSION "2.22"
#define PACKAGE_STRING "dirb 2.22"
#define PACKAGE_BUGREPORT "darkraver@open-labs.org"
#define PACKAGE_URL ""
#define PACKAGE "dirb"
#define VERSION "2.22"
#define HAVE_LIBCURL 1

configure: exit 0
